[01:52:39] [main/INFO]: Environment: authHost='https://authserver.mojang.com', accountsHost='https://api.mojang.com', sessionHost='https://sessionserver.mojang.com', servicesHost='https://api.minecraftservices.com', name='PROD'
[01:52:40] [main/INFO]: Found new data pack file/bukkit, loading it automatically
[01:52:40] [main/INFO]: Reloading ResourceManager: Default, bukkit
[01:52:41] [Worker-Main-5/INFO]: Loaded 7 recipes
[01:52:44] [Server thread/INFO]: Starting minecraft server version 1.17.1
[01:52:44] [Server thread/INFO]: Loading properties
[01:52:44] [Server thread/INFO]: This server is running CraftBukkit version 3215-Spigot-ff89b97-c30e8f8 (MC: 1.17.1) (Implementing API version 1.17.1-R0.1-SNAPSHOT)
[01:52:44] [Server thread/INFO]: Debug logging is disabled
[01:52:44] [Server thread/INFO]: Server Ping Player Sample Count: 12
[01:52:44] [Server thread/INFO]: Using 4 threads for Netty based IO
[01:52:44] [Server thread/INFO]: Default game type: SURVIVAL
[01:52:44] [Server thread/INFO]: Generating keypair
[01:52:44] [Server thread/INFO]: Starting Minecraft server on *:25565
[01:52:45] [Server thread/INFO]: Using epoll channel type
[01:52:45] [Server thread/INFO]: Preparing level "world"
[01:52:45] [Server thread/INFO]: -------- World Settings For [world] --------
[01:52:45] [Server thread/INFO]: Experience Merge Radius: 3.0
[01:52:45] [Server thread/INFO]: Mob Spawn Range: 6
[01:52:45] [Server thread/INFO]: Cactus Growth Modifier: 100%
[01:52:45] [Server thread/INFO]: Cane Growth Modifier: 100%
[01:52:45] [Server thread/INFO]: Melon Growth Modifier: 100%
[01:52:45] [Server thread/INFO]: Mushroom Growth Modifier: 100%
[01:52:45] [Server thread/INFO]: Pumpkin Growth Modifier: 100%
[01:52:45] [Server thread/INFO]: Sapling Growth Modifier: 100%
[01:52:45] [Server thread/INFO]: Beetroot Growth Modifier: 100%
[01:52:45] [Server thread/INFO]: Carrot Growth Modifier: 100%
[01:52:45] [Server thread/INFO]: Potato Growth Modifier: 100%
[01:52:45] [Server thread/INFO]: Wheat Growth Modifier: 100%
[01:52:45] [Server thread/INFO]: NetherWart Growth Modifier: 100%
[01:52:45] [Server thread/INFO]: Vine Growth Modifier: 100%
[01:52:45] [Server thread/INFO]: Cocoa Growth Modifier: 100%
[01:52:45] [Server thread/INFO]: Bamboo Growth Modifier: 100%
[01:52:45] [Server thread/INFO]: SweetBerry Growth Modifier: 100%
[01:52:45] [Server thread/INFO]: Kelp Growth Modifier: 100%
[01:52:45] [Server thread/INFO]: Entity Activation Range: An 32 / Mo 32 / Ra 48 / Mi 16 / Tiv true
[01:52:45] [Server thread/INFO]: Hopper Transfer: 8 Hopper Check: 1 Hopper Amount: 1
[01:52:45] [Server thread/INFO]: Custom Map Seeds:  Village: 10387312 Desert: 14357617 Igloo: 14357618 Jungle: 14357619 Swamp: 14357620 Monument: 10387313 Ocean: 14357621 Shipwreck: 165745295 End City: 10387313 Slime: 987234911 Bastion: 30084232 Fortress: 30084232 Mansion: 10387319 Fossil: 14357921 Portal: 34222645
[01:52:45] [Server thread/INFO]: Max TNT Explosions: 100
[01:52:45] [Server thread/INFO]: Tile Max Tick Time: 50ms Entity max Tick Time: 50ms
[01:52:45] [Server thread/INFO]: Entity Tracking Range: Pl 48 / An 48 / Mo 48 / Mi 32 / Other 64
[01:52:45] [Server thread/INFO]: Allow Zombie Pigmen to spawn from portal blocks: true
[01:52:45] [Server thread/INFO]: Item Despawn Rate: 6000
[01:52:45] [Server thread/INFO]: Item Merge Radius: 2.5
[01:52:45] [Server thread/INFO]: View Distance: 10
[01:52:45] [Server thread/INFO]: Arrow Despawn Rate: 1200 Trident Respawn Rate:1200
[01:52:45] [Server thread/INFO]: Zombie Aggressive Towards Villager: true
[01:52:45] [Server thread/INFO]: Nerfing mobs spawned from spawners: false
[01:52:46] [Server thread/WARN]: Unable to find spawn biome
[01:52:51] [Server thread/INFO]: -------- World Settings For [world_nether] --------
[01:52:51] [Server thread/INFO]: Experience Merge Radius: 3.0
[01:52:51] [Server thread/INFO]: Mob Spawn Range: 6
[01:52:51] [Server thread/INFO]: Cactus Growth Modifier: 100%
[01:52:51] [Server thread/INFO]: Cane Growth Modifier: 100%
[01:52:51] [Server thread/INFO]: Melon Growth Modifier: 100%
[01:52:51] [Server thread/INFO]: Mushroom Growth Modifier: 100%
[01:52:51] [Server thread/INFO]: Pumpkin Growth Modifier: 100%
[01:52:51] [Server thread/INFO]: Sapling Growth Modifier: 100%
[01:52:51] [Server thread/INFO]: Beetroot Growth Modifier: 100%
[01:52:51] [Server thread/INFO]: Carrot Growth Modifier: 100%
[01:52:51] [Server thread/INFO]: Potato Growth Modifier: 100%
[01:52:51] [Server thread/INFO]: Wheat Growth Modifier: 100%
[01:52:51] [Server thread/INFO]: NetherWart Growth Modifier: 100%
[01:52:51] [Server thread/INFO]: Vine Growth Modifier: 100%
[01:52:51] [Server thread/INFO]: Cocoa Growth Modifier: 100%
[01:52:51] [Server thread/INFO]: Bamboo Growth Modifier: 100%
[01:52:51] [Server thread/INFO]: SweetBerry Growth Modifier: 100%
[01:52:51] [Server thread/INFO]: Kelp Growth Modifier: 100%
[01:52:51] [Server thread/INFO]: Entity Activation Range: An 32 / Mo 32 / Ra 48 / Mi 16 / Tiv true
[01:52:51] [Server thread/INFO]: Hopper Transfer: 8 Hopper Check: 1 Hopper Amount: 1
[01:52:51] [Server thread/INFO]: Custom Map Seeds:  Village: 10387312 Desert: 14357617 Igloo: 14357618 Jungle: 14357619 Swamp: 14357620 Monument: 10387313 Ocean: 14357621 Shipwreck: 165745295 End City: 10387313 Slime: 987234911 Bastion: 30084232 Fortress: 30084232 Mansion: 10387319 Fossil: 14357921 Portal: 34222645
[01:52:51] [Server thread/INFO]: Max TNT Explosions: 100
[01:52:51] [Server thread/INFO]: Tile Max Tick Time: 50ms Entity max Tick Time: 50ms
[01:52:51] [Server thread/INFO]: Entity Tracking Range: Pl 48 / An 48 / Mo 48 / Mi 32 / Other 64
[01:52:51] [Server thread/INFO]: Allow Zombie Pigmen to spawn from portal blocks: true
[01:52:51] [Server thread/INFO]: Item Despawn Rate: 6000
[01:52:51] [Server thread/INFO]: Item Merge Radius: 2.5
[01:52:51] [Server thread/INFO]: View Distance: 10
[01:52:51] [Server thread/INFO]: Arrow Despawn Rate: 1200 Trident Respawn Rate:1200
[01:52:51] [Server thread/INFO]: Zombie Aggressive Towards Villager: true
[01:52:51] [Server thread/INFO]: Nerfing mobs spawned from spawners: false
[01:52:51] [Server thread/WARN]: Unable to find spawn biome
[01:52:52] [Server thread/INFO]: -------- World Settings For [world_the_end] --------
[01:52:52] [Server thread/INFO]: Experience Merge Radius: 3.0
[01:52:52] [Server thread/INFO]: Mob Spawn Range: 6
[01:52:52] [Server thread/INFO]: Cactus Growth Modifier: 100%
[01:52:52] [Server thread/INFO]: Cane Growth Modifier: 100%
[01:52:52] [Server thread/INFO]: Melon Growth Modifier: 100%
[01:52:52] [Server thread/INFO]: Mushroom Growth Modifier: 100%
[01:52:52] [Server thread/INFO]: Pumpkin Growth Modifier: 100%
[01:52:52] [Server thread/INFO]: Sapling Growth Modifier: 100%
[01:52:52] [Server thread/INFO]: Beetroot Growth Modifier: 100%
[01:52:52] [Server thread/INFO]: Carrot Growth Modifier: 100%
[01:52:52] [Server thread/INFO]: Potato Growth Modifier: 100%
[01:52:52] [Server thread/INFO]: Wheat Growth Modifier: 100%
[01:52:52] [Server thread/INFO]: NetherWart Growth Modifier: 100%
[01:52:52] [Server thread/INFO]: Vine Growth Modifier: 100%
[01:52:52] [Server thread/INFO]: Cocoa Growth Modifier: 100%
[01:52:52] [Server thread/INFO]: Bamboo Growth Modifier: 100%
[01:52:52] [Server thread/INFO]: SweetBerry Growth Modifier: 100%
[01:52:52] [Server thread/INFO]: Kelp Growth Modifier: 100%
[01:52:52] [Server thread/INFO]: Entity Activation Range: An 32 / Mo 32 / Ra 48 / Mi 16 / Tiv true
[01:52:52] [Server thread/INFO]: Hopper Transfer: 8 Hopper Check: 1 Hopper Amount: 1
[01:52:52] [Server thread/INFO]: Custom Map Seeds:  Village: 10387312 Desert: 14357617 Igloo: 14357618 Jungle: 14357619 Swamp: 14357620 Monument: 10387313 Ocean: 14357621 Shipwreck: 165745295 End City: 10387313 Slime: 987234911 Bastion: 30084232 Fortress: 30084232 Mansion: 10387319 Fossil: 14357921 Portal: 34222645
[01:52:52] [Server thread/INFO]: Max TNT Explosions: 100
[01:52:52] [Server thread/INFO]: Tile Max Tick Time: 50ms Entity max Tick Time: 50ms
[01:52:52] [Server thread/INFO]: Entity Tracking Range: Pl 48 / An 48 / Mo 48 / Mi 32 / Other 64
[01:52:52] [Server thread/INFO]: Allow Zombie Pigmen to spawn from portal blocks: true
[01:52:52] [Server thread/INFO]: Item Despawn Rate: 6000
[01:52:52] [Server thread/INFO]: Item Merge Radius: 2.5
[01:52:52] [Server thread/INFO]: View Distance: 10
[01:52:52] [Server thread/INFO]: Arrow Despawn Rate: 1200 Trident Respawn Rate:1200
[01:52:52] [Server thread/INFO]: Zombie Aggressive Towards Villager: true
[01:52:52] [Server thread/INFO]: Nerfing mobs spawned from spawners: false
[01:52:52] [Server thread/WARN]: Unable to find spawn biome
[01:52:52] [Server thread/INFO]: Preparing start region for dimension minecraft:overworld
[01:52:53] [Worker-Main-6/INFO]: Preparing spawn area: 0%
[01:52:53] [Worker-Main-6/INFO]: Preparing spawn area: 0%
[01:52:53] [Worker-Main-5/INFO]: Preparing spawn area: 1%
[01:52:54] [Worker-Main-6/INFO]: Preparing spawn area: 2%
[01:52:54] [Worker-Main-4/INFO]: Preparing spawn area: 3%
[01:52:55] [Worker-Main-6/INFO]: Preparing spawn area: 3%
[01:52:55] [Worker-Main-6/INFO]: Preparing spawn area: 3%
[01:52:56] [Worker-Main-6/INFO]: Preparing spawn area: 6%
[01:52:56] [Worker-Main-4/INFO]: Preparing spawn area: 6%
[01:52:57] [Worker-Main-6/INFO]: Preparing spawn area: 10%
[01:52:57] [Worker-Main-5/INFO]: Preparing spawn area: 10%
[01:52:58] [Worker-Main-6/INFO]: Preparing spawn area: 15%
[01:52:58] [Worker-Main-6/INFO]: Preparing spawn area: 16%
[01:52:59] [Worker-Main-5/INFO]: Preparing spawn area: 17%
[01:52:59] [Worker-Main-6/INFO]: Preparing spawn area: 17%
[01:53:00] [Worker-Main-6/INFO]: Preparing spawn area: 22%
[01:53:00] [Worker-Main-4/INFO]: Preparing spawn area: 23%
[01:53:01] [Worker-Main-4/INFO]: Preparing spawn area: 24%
[01:53:01] [Worker-Main-4/INFO]: Preparing spawn area: 24%
[01:53:02] [Worker-Main-4/INFO]: Preparing spawn area: 31%
[01:53:02] [Worker-Main-4/INFO]: Preparing spawn area: 31%
[01:53:03] [Worker-Main-4/INFO]: Preparing spawn area: 36%
[01:53:03] [Worker-Main-4/INFO]: Preparing spawn area: 37%
[01:53:04] [Worker-Main-6/INFO]: Preparing spawn area: 39%
[01:53:04] [Worker-Main-6/INFO]: Preparing spawn area: 39%
[01:53:05] [Worker-Main-4/INFO]: Preparing spawn area: 39%
[01:53:06] [Worker-Main-6/INFO]: Preparing spawn area: 43%
[01:53:08] [Worker-Main-6/INFO]: Preparing spawn area: 45%
[01:53:08] [Worker-Main-6/INFO]: Preparing spawn area: 45%
[01:53:08] [Worker-Main-6/INFO]: Preparing spawn area: 45%
[01:53:08] [Worker-Main-6/INFO]: Preparing spawn area: 45%
[01:53:08] [Worker-Main-4/INFO]: Preparing spawn area: 56%
[01:53:08] [Worker-Main-5/INFO]: Preparing spawn area: 56%
[01:53:09] [Worker-Main-5/INFO]: Preparing spawn area: 63%
[01:53:10] [Worker-Main-4/INFO]: Preparing spawn area: 67%
[01:53:10] [Worker-Main-4/INFO]: Preparing spawn area: 70%
[01:53:11] [Worker-Main-5/INFO]: Preparing spawn area: 73%
[01:53:11] [Worker-Main-5/INFO]: Preparing spawn area: 73%
[01:53:12] [Worker-Main-6/INFO]: Preparing spawn area: 83%
[01:53:14] [Worker-Main-4/INFO]: Preparing spawn area: 88%
[01:53:14] [Worker-Main-4/INFO]: Preparing spawn area: 88%
[01:53:14] [Worker-Main-4/INFO]: Preparing spawn area: 89%
[01:53:14] [Worker-Main-6/INFO]: Preparing spawn area: 89%
[01:53:14] [Server thread/INFO]: Time elapsed: 21249 ms
[01:53:14] [Server thread/INFO]: Preparing start region for dimension minecraft:the_nether
[01:53:14] [Worker-Main-6/INFO]: Preparing spawn area: 0%
[01:53:14] [Worker-Main-4/INFO]: Preparing spawn area: 0%
[01:53:15] [Worker-Main-5/INFO]: Preparing spawn area: 2%
[01:53:15] [Worker-Main-6/INFO]: Preparing spawn area: 4%
[01:53:16] [Worker-Main-5/INFO]: Preparing spawn area: 7%
[01:53:16] [Worker-Main-6/INFO]: Preparing spawn area: 10%
[01:53:17] [Worker-Main-5/INFO]: Preparing spawn area: 13%
[01:53:17] [Worker-Main-6/INFO]: Preparing spawn area: 15%
[01:53:18] [Worker-Main-6/INFO]: Preparing spawn area: 24%
[01:53:18] [Worker-Main-6/INFO]: Preparing spawn area: 32%
[01:53:19] [Worker-Main-5/INFO]: Preparing spawn area: 37%
[01:53:19] [Worker-Main-5/INFO]: Preparing spawn area: 46%
[01:53:20] [Worker-Main-4/INFO]: Preparing spawn area: 50%
[01:53:20] [Worker-Main-5/INFO]: Preparing spawn area: 54%
[01:53:21] [Worker-Main-4/INFO]: Preparing spawn area: 63%
[01:53:21] [Worker-Main-5/INFO]: Preparing spawn area: 70%
[01:53:22] [Worker-Main-5/INFO]: Preparing spawn area: 78%
[01:53:22] [Worker-Main-6/INFO]: Preparing spawn area: 80%
[01:53:23] [Worker-Main-4/INFO]: Preparing spawn area: 85%
[01:53:24] [Worker-Main-6/INFO]: Preparing spawn area: 92%
[01:53:24] [Server thread/INFO]: Time elapsed: 9968 ms
[01:53:24] [Server thread/INFO]: Preparing start region for dimension minecraft:the_end
[01:53:24] [Worker-Main-6/INFO]: Preparing spawn area: 0%
[01:53:24] [Worker-Main-4/INFO]: Preparing spawn area: 3%
[01:53:25] [Worker-Main-4/INFO]: Preparing spawn area: 24%
[01:53:25] [Worker-Main-4/INFO]: Preparing spawn area: 48%
[01:53:26] [Worker-Main-6/INFO]: Preparing spawn area: 91%
[01:53:26] [Server thread/INFO]: Time elapsed: 2192 ms
[01:53:26] [Server thread/INFO]: Done (41.034s)! For help, type "help"
[01:53:30] [Server thread/INFO]: [0;33;1m--------- [0;37;1mHelp: Index [0;33;1m---------------------------[m
[01:53:30] [Server thread/INFO]: [0;37;22mUse /help [n] to get page n of help.[m
[01:53:30] [Server thread/INFO]: [0;33;22mAliases: [0;37;1mLists command aliases[m
[01:53:30] [Server thread/INFO]: [0;33;22mBukkit: [0;37;1mAll commands for Bukkit[m
[01:53:30] [Server thread/INFO]: [0;33;22mMinecraft: [0;37;1mAll commands for Minecraft[m
[01:53:30] [Server thread/INFO]: [0;33;22m/advancement: [0;37;1mA Mojang provided command.[m
[01:53:30] [Server thread/INFO]: [0;33;22m/attribute: [0;37;1mA Mojang provided command.[m
[01:53:30] [Server thread/INFO]: [0;33;22m/ban: [0;37;1mA Mojang provided command.[m
[01:53:30] [Server thread/INFO]: [0;33;22m/ban-ip: [0;37;1mA Mojang provided command.[m
[01:53:30] [Server thread/INFO]: [0;33;22m/banlist: [0;37;1mA Mojang provided command.[m
[01:53:30] [Server thread/INFO]: [0;33;22m/bossbar: [0;37;1mA Mojang provided command.[m
[01:53:30] [Server thread/INFO]: [0;33;22m/clear: [0;37;1mA Mojang provided command.[m
[01:53:30] [Server thread/INFO]: [0;33;22m/clone: [0;37;1mA Mojang provided command.[m
[01:53:30] [Server thread/INFO]: [0;33;22m/data: [0;37;1mA Mojang provided command.[m
[01:53:30] [Server thread/INFO]: [0;33;22m/datapack: [0;37;1mA Mojang provided command.[m
[01:53:30] [Server thread/INFO]: [0;33;22m/debug: [0;37;1mA Mojang provided command.[m
[01:53:30] [Server thread/INFO]: [0;33;22m/defaultgamemode: [0;37;1mA Mojang provided command.[m
[01:53:30] [Server thread/INFO]: [0;33;22m/deop: [0;37;1mA Mojang provided command.[m
[01:53:30] [Server thread/INFO]: [0;33;22m/difficulty: [0;37;1mA Mojang provided command.[m
[01:53:30] [Server thread/INFO]: [0;33;22m/effect: [0;37;1mA Mojang provided command.[m
[01:53:30] [Server thread/INFO]: [0;33;22m/enchant: [0;37;1mA Mojang provided command.[m
[01:53:30] [Server thread/INFO]: [0;33;22m/execute: [0;37;1mA Mojang provided command.[m
[01:53:30] [Server thread/INFO]: [0;33;22m/experience: [0;37;1mA Mojang provided command.[m
[01:53:30] [Server thread/INFO]: [0;33;22m/fill: [0;37;1mA Mojang provided command.[m
[01:53:30] [Server thread/INFO]: [0;33;22m/forceload: [0;37;1mA Mojang provided command.[m
[01:53:30] [Server thread/INFO]: [0;33;22m/function: [0;37;1mA Mojang provided command.[m
[01:53:30] [Server thread/INFO]: [0;33;22m/gamemode: [0;37;1mA Mojang provided command.[m
[01:53:30] [Server thread/INFO]: [0;33;22m/gamerule: [0;37;1mA Mojang provided command.[m
[01:53:30] [Server thread/INFO]: [0;33;22m/give: [0;37;1mA Mojang provided command.[m
[01:53:30] [Server thread/INFO]: [0;33;22m/help: [0;37;1mShows the help menu[m
[01:53:30] [Server thread/INFO]: [0;33;22m/item: [0;37;1mA Mojang provided command.[m
[01:53:30] [Server thread/INFO]: [0;33;22m/kick: [0;37;1mA Mojang provided command.[m
[01:53:30] [Server thread/INFO]: [0;33;22m/kill: [0;37;1mA Mojang provided command.[m
[01:53:30] [Server thread/INFO]: [0;33;22m/list: [0;37;1mA Mojang provided command.[m
[01:53:30] [Server thread/INFO]: [0;33;22m/locate: [0;37;1mA Mojang provided command.[m
[01:53:30] [Server thread/INFO]: [0;33;22m/locatebiome: [0;37;1mA Mojang provided command.[m
[01:53:30] [Server thread/INFO]: [0;33;22m/loot: [0;37;1mA Mojang provided command.[m
[01:53:30] [Server thread/INFO]: [0;33;22m/me: [0;37;1mA Mojang provided command.[m
[01:53:30] [Server thread/INFO]: [0;33;22m/minecraft:help: [0;37;1mA Mojang provided command.[m
[01:53:30] [Server thread/INFO]: [0;33;22m/minecraft:reload: [0;37;1mA Mojang provided command.[m
[01:53:30] [Server thread/INFO]: [0;33;22m/msg: [0;37;1mA Mojang provided command.[m
[01:53:30] [Server thread/INFO]: [0;33;22m/op: [0;37;1mA Mojang provided command.[m
[01:53:30] [Server thread/INFO]: [0;33;22m/pardon: [0;37;1mA Mojang provided command.[m
[01:53:30] [Server thread/INFO]: [0;33;22m/pardon-ip: [0;37;1mA Mojang provided command.[m
[01:53:30] [Server thread/INFO]: [0;33;22m/particle: [0;37;1mA Mojang provided command.[m
[01:53:30] [Server thread/INFO]: [0;33;22m/perf: [0;37;1mA Mojang provided command.[m
[01:53:30] [Server thread/INFO]: [0;33;22m/playsound: [0;37;1mA Mojang provided command.[m
[01:53:30] [Server thread/INFO]: [0;33;22m/plugins: [0;37;1mGets a list of plugins running on the server[m
[01:53:30] [Server thread/INFO]: [0;33;22m/recipe: [0;37;1mA Mojang provided command.[m
[01:53:30] [Server thread/INFO]: [0;33;22m/reload: [0;37;1mReloads the server configuration and plugins[m
[01:53:30] [Server thread/INFO]: [0;33;22m/restart: [0;37;1mRestarts the server[m
[01:53:30] [Server thread/INFO]: [0;33;22m/save-all: [0;37;1mA Mojang provided command.[m
[01:53:30] [Server thread/INFO]: [0;33;22m/save-off: [0;37;1mA Mojang provided command.[m
[01:53:30] [Server thread/INFO]: [0;33;22m/save-on: [0;37;1mA Mojang provided command.[m
[01:53:30] [Server thread/INFO]: [0;33;22m/say: [0;37;1mA Mojang provided command.[m
[01:53:30] [Server thread/INFO]: [0;33;22m/schedule: [0;37;1mA Mojang provided command.[m
[01:53:30] [Server thread/INFO]: [0;33;22m/scoreboard: [0;37;1mA Mojang provided command.[m
[01:53:30] [Server thread/INFO]: [0;33;22m/seed: [0;37;1mA Mojang provided command.[m
[01:53:30] [Server thread/INFO]: [0;33;22m/setblock: [0;37;1mA Mojang provided command.[m
[01:53:30] [Server thread/INFO]: [0;33;22m/setidletimeout: [0;37;1mA Mojang provided command.[m
[01:53:30] [Server thread/INFO]: [0;33;22m/setworldspawn: [0;37;1mA Mojang provided command.[m
[01:53:30] [Server thread/INFO]: [0;33;22m/spawnpoint: [0;37;1mA Mojang provided command.[m
[01:53:30] [Server thread/INFO]: [0;33;22m/spectate: [0;37;1mA Mojang provided command.[m
[01:53:30] [Server thread/INFO]: [0;33;22m/spigot: [0;37;1mSpigot related commands[m
[01:53:30] [Server thread/INFO]: [0;33;22m/spreadplayers: [0;37;1mA Mojang provided command.[m
[01:53:30] [Server thread/INFO]: [0;33;22m/stop: [0;37;1mA Mojang provided command.[m
[01:53:30] [Server thread/INFO]: [0;33;22m/stopsound: [0;37;1mA Mojang provided command.[m
[01:53:30] [Server thread/INFO]: [0;33;22m/summon: [0;37;1mA Mojang provided command.[m
[01:53:30] [Server thread/INFO]: [0;33;22m/tag: [0;37;1mA Mojang provided command.[m
[01:53:30] [Server thread/INFO]: [0;33;22m/team: [0;37;1mA Mojang provided command.[m
[01:53:30] [Server thread/INFO]: [0;33;22m/teammsg: [0;37;1mA Mojang provided command.[m
[01:53:30] [Server thread/INFO]: [0;33;22m/teleport: [0;37;1mA Mojang provided command.[m
[01:53:30] [Server thread/INFO]: [0;33;22m/tell: [0;37;1mA Mojang provided command.[m
[01:53:30] [Server thread/INFO]: [0;33;22m/tellraw: [0;37;1mA Mojang provided command.[m
[01:53:30] [Server thread/INFO]: [0;33;22m/time: [0;37;1mA Mojang provided command.[m
[01:53:30] [Server thread/INFO]: [0;33;22m/timings: [0;37;1mManages Spigot Timings data to see performance of the server.[m
[01:53:30] [Server thread/INFO]: [0;33;22m/title: [0;37;1mA Mojang provided command.[m
[01:53:30] [Server thread/INFO]: [0;33;22m/tm: [0;37;1mA Mojang provided command.[m
[01:53:30] [Server thread/INFO]: [0;33;22m/tp: [0;37;1mA Mojang provided command.[m
[01:53:30] [Server thread/INFO]: [0;33;22m/tps: [0;37;1mGets the current ticks per second for the server[m
[01:53:30] [Server thread/INFO]: [0;33;22m/trigger: [0;37;1mA Mojang provided command.[m
[01:53:30] [Server thread/INFO]: [0;33;22m/version: [0;37;1mGets the version of this server including any plugins in use[m
[01:53:30] [Server thread/INFO]: [0;33;22m/w: [0;37;1mA Mojang provided command.[m
[01:53:30] [Server thread/INFO]: [0;33;22m/weather: [0;37;1mA Mojang provided command.[m
[01:53:30] [Server thread/INFO]: [0;33;22m/whitelist: [0;37;1mA Mojang provided command.[m
[01:53:30] [Server thread/INFO]: [0;33;22m/worldborder: [0;37;1mA Mojang provided command.[m
[01:53:30] [Server thread/INFO]: [0;33;22m/xp: [0;37;1mA Mojang provided command.[m
[01:53:34] [Server thread/INFO]: That player does not exist
[01:53:42] [Server thread/INFO]: That player does not exist
[01:53:46] [Server thread/INFO]: Made ThunKingfast a server operator
[01:53:49] [Server thread/INFO]: A player is required to run this command here
[01:53:50] [Server thread/INFO]: Unknown command. Type "/help" for help.[m
[01:53:52] [Server thread/INFO]: Stopping the server
[01:53:52] [Server thread/INFO]: Stopping server
[01:53:52] [Server thread/INFO]: Saving players
[01:53:52] [Server thread/INFO]: Saving worlds
[01:53:52] [Server thread/INFO]: Saving chunks for level 'ServerLevel[world]'/minecraft:overworld
[01:53:54] [Server thread/INFO]: Saving chunks for level 'ServerLevel[world_nether]'/minecraft:the_nether
[01:53:57] [Server thread/INFO]: Saving chunks for level 'ServerLevel[world_the_end]'/minecraft:the_end
[01:53:58] [Server thread/INFO]: ThreadedAnvilChunkStorage (world): All chunks are saved
[01:53:58] [Server thread/INFO]: ThreadedAnvilChunkStorage (DIM-1): All chunks are saved
[01:53:58] [Server thread/INFO]: ThreadedAnvilChunkStorage (DIM1): All chunks are saved
[01:53:58] [Server thread/INFO]: ThreadedAnvilChunkStorage: All dimensions are saved
